Starting Dynare (version 4.5.6).
Starting preprocessing of the model file ...
Found 10 equation(s).
Evaluating expressions...done
Computing static model derivatives:
 - order 1
Computing dynamic model derivatives:
 - order 1
 - order 2
 - order 3
Processing outputs ...
done
Preprocessing completed.

STEADY-STATE RESULTS:

c     		 111.794
l     		 100
k     		 418.697
r     		 1.0101
u     		 4.23557
v     		 4.23557
ev    		 2.27926e-06
m     		 0.99
z     		 0
alpha 		 0.3

EIGENVALUES:
         Modulus             Real        Imaginary

       1.474e-14        1.474e-14                0
       5.366e-13       -5.366e-13                0
        4.63e-11         4.63e-11                0
           0.859            0.859                0
             0.9              0.9                0
            0.95             0.95                0
            1.01             1.01                0
           1.176            1.176                0
       1.177e+25       -1.177e+25                0


There are 3 eigenvalue(s) larger than 1 in modulus 
for 3 forward-looking variable(s)

The rank condition is verified.


MODEL SUMMARY

  Number of variables:         10
  Number of stochastic shocks: 2
  Number of state variables:   6
  Number of jumpers:           3
  Number of static variables:  1


MATRIX OF COVARIANCE OF EXOGENOUS SHOCKS
Variables          ez    ealpha
ez           1.000000  0.000000
ealpha       0.000000  1.000000

Total computing time : 0h00m03s
